<?xml version="1.0" encoding="UTF-8"?>
<!-- Generated by org.testng.reporters.JUnitReportReporter -->
<testsuite hostname="LAPTOP-E5VUROND" name="com.qa.tests.CssValuesDemo" tests="1" failures="0" timestamp="15 Jun 2018 14:41:09 GMT" time="6.755" errors="0">
  <testcase name="verifyBacjgroundColor" time="6.755" classname="com.qa.tests.CssValuesDemo"/>
</testsuite> <!-- com.qa.tests.CssValuesDemo -->
