<?xml version="1.0" encoding="UTF-8"?>
<!-- Generated by org.testng.reporters.JUnitReportReporter -->
<testsuite hostname="LAPTOP-E5VUROND" name="com.qa.tests.ScreenShotDemo" tests="1" failures="0" timestamp="15 Jun 2018 19:37:13 GMT" time="7.401" errors="0">
  <testcase name="takeScreenShots" time="7.401" classname="com.qa.tests.ScreenShotDemo"/>
</testsuite> <!-- com.qa.tests.ScreenShotDemo -->
