<?xml version="1.0" encoding="UTF-8"?>
<!-- Generated by org.testng.reporters.JUnitReportReporter -->
<testsuite hostname="LAPTOP-E5VUROND" name="com.qa.tests.RreadAndWritePropertyFile" tests="1" failures="0" timestamp="15 Jun 2018 08:14:32 GMT" time="0.004" errors="0">
  <testcase name="readProperty" time="0.004" classname="com.qa.tests.RreadAndWritePropertyFile"/>
</testsuite> <!-- com.qa.tests.RreadAndWritePropertyFile -->
