<?xml version="1.0" encoding="UTF-8"?>
<!-- Generated by org.testng.reporters.JUnitReportReporter -->
<testsuite hostname="LAPTOP-E5VUROND" name="com.qa.tests.FindBrokenLinks" tests="1" failures="0" timestamp="15 Jun 2018 19:05:22 GMT" time="100.980" errors="0">
  <testcase name="BrokenLinksOfGoogle" time="100.980" classname="com.qa.tests.FindBrokenLinks"/>
</testsuite> <!-- com.qa.tests.FindBrokenLinks -->
