<?xml version="1.0" encoding="UTF-8"?>
<!-- Generated by org.testng.reporters.JUnitReportReporter -->
<testsuite hostname="LAPTOP-E5VUROND" name="com.qa.tests.RreadPropertyFile" tests="1" failures="0" timestamp="15 Jun 2018 06:51:03 GMT" time="0.046" errors="0">
  <testcase name="readProperty" time="0.046" classname="com.qa.tests.RreadPropertyFile"/>
</testsuite> <!-- com.qa.tests.RreadPropertyFile -->
